[debug] [2020-06-28T02:30:27.011Z] ----------------------------------------------------------------------
[debug] [2020-06-28T02:30:27.014Z] Command:       /Users/hlbenjamin/devReact/fullpageportfolio/functions/node_modules/node/bin/node /usr/local/bin/firebase functions:shell
[debug] [2020-06-28T02:30:27.014Z] CLI Version:   8.4.3
[debug] [2020-06-28T02:30:27.015Z] Platform:      darwin
[debug] [2020-06-28T02:30:27.015Z] Node Version:  v14.4.0
[debug] [2020-06-28T02:30:27.016Z] Time:          Sat Jun 27 2020 19:30:27 GMT-0700 (Pacific Daylight Time)
[debug] [2020-06-28T02:30:27.016Z] ----------------------------------------------------------------------
[debug] [2020-06-28T02:30:27.016Z] 
[debug] [2020-06-28T02:30:27.027Z] > command requires scopes: ["email","openid","https://www.googleapis.com/auth/cloudplatformprojects.readonly","https://www.googleapis.com/auth/firebase","https://www.googleapis.com/auth/cloud-platform"]
[debug] [2020-06-28T02:30:27.027Z] > authorizing via signed-in user
[debug] [2020-06-28T02:30:27.028Z] [iam] checking project hunterlbenjamin-55bab for permissions ["firebase.projects.get"]
[debug] [2020-06-28T02:30:27.031Z] >>> HTTP REQUEST POST https://cloudresourcemanager.googleapis.com/v1/projects/hunterlbenjamin-55bab:testIamPermissions  
 {"permissions":["firebase.projects.get"]}
[debug] [2020-06-28T02:30:27.306Z] <<< HTTP RESPONSE 200 {"content-type":"application/json; charset=UTF-8","vary":"X-Origin, Referer, Origin,Accept-Encoding","date":"Sun, 28 Jun 2020 02:30:27 GMT","server":"ESF","cache-control":"private","x-xss-protection":"0","x-frame-options":"SAMEORIGIN","x-content-type-options":"nosniff","server-timing":"gfet4t7; dur=188","alt-svc":"h3-27=\":443\"; ma=2592000,h3-25=\":443\"; ma=2592000,h3-T050=\":443\"; ma=2592000,h3-Q050=\":443\"; ma=2592000,h3-Q046=\":443\"; ma=2592000,h3-Q043=\":443\"; ma=2592000,quic=\":443\"; ma=2592000; v=\"46,43\"","accept-ranges":"none","transfer-encoding":"chunked"}
[warn] ⚠  Your requested "node" version "8" doesn't match your global version "14" {"metadata":{"emulator":{"name":"functions"},"message":"Your requested \"node\" version \"8\" doesn't match your global version \"14\""}}
[debug] [2020-06-28T02:30:27.337Z] [functions] Watching "/Users/hlbenjamin/devReact/fullpageportfolio/functions" for Cloud Functions...
[debug] [2020-06-28T02:30:27.351Z] DEBUG: [worker-pool] addWorker(~diagnostic~)
[debug] [2020-06-28T02:30:27.351Z] DEBUG: [worker-pool] Adding worker with key ~diagnostic~, total=1
[debug] [2020-06-28T02:30:27.351Z] DEBUG: [worker-pool] submitWork(triggerId=)
[debug] [2020-06-28T02:30:27.352Z] DEBUG: [worker-~diagnostic~-c89ada1a-97fd-4c69-adc4-483359ed33d8]: Assigning socketPath: /var/folders/h5/0xl2l1qs1195kjyw52s7n2k00000gn/T/fire_emu_2201.sock
[debug] [2020-06-28T02:30:27.352Z] DEBUG: [worker-~diagnostic~-c89ada1a-97fd-4c69-adc4-483359ed33d8]: BUSY
[debug] [2020-06-28T02:30:27.717Z] DEBUG: [runtime-status] [2201] Functions runtime initialized. {"cwd":"/Users/hlbenjamin/devReact/fullpageportfolio/functions","node_version":"14.4.0"}
[debug] [2020-06-28T02:30:27.719Z] DEBUG: [runtime-status] [2201] Disabled runtime features: undefined
[debug] [2020-06-28T02:30:27.735Z] DEBUG: [runtime-status] [2201] Resolved module firebase-admin {"declared":true,"installed":true,"version":"8.12.1","resolution":"/Users/hlbenjamin/devReact/fullpageportfolio/functions/node_modules/firebase-admin/lib/index.js"}
[debug] [2020-06-28T02:30:27.736Z] DEBUG: [runtime-status] [2201] Resolved module firebase-functions {"declared":true,"installed":true,"version":"3.7.0","resolution":"/Users/hlbenjamin/devReact/fullpageportfolio/functions/node_modules/firebase-functions/lib/index.js"}
[debug] [2020-06-28T02:30:27.739Z] DEBUG: [runtime-status] [2201] Outgoing network have been stubbed. [{"name":"http","status":"mocked"},{"name":"http","status":"mocked"},{"name":"https","status":"mocked"},{"name":"https","status":"mocked"},{"name":"net","status":"mocked"}]
[debug] [2020-06-28T02:30:27.740Z] DEBUG: [runtime-status] [2201] Resolved module firebase-functions {"declared":true,"installed":true,"version":"3.7.0","resolution":"/Users/hlbenjamin/devReact/fullpageportfolio/functions/node_modules/firebase-functions/lib/index.js"}
[debug] [2020-06-28T02:30:27.988Z] DEBUG: [runtime-status] [2201] Checked functions.config() {"config":{}}
[debug] [2020-06-28T02:30:27.989Z] DEBUG: [runtime-status] [2201] firebase-functions has been stubbed. {"functionsResolution":{"declared":true,"installed":true,"version":"3.7.0","resolution":"/Users/hlbenjamin/devReact/fullpageportfolio/functions/node_modules/firebase-functions/lib/index.js"}}
[debug] [2020-06-28T02:30:27.989Z] DEBUG: [runtime-status] [2201] Resolved module firebase-functions {"declared":true,"installed":true,"version":"3.7.0","resolution":"/Users/hlbenjamin/devReact/fullpageportfolio/functions/node_modules/firebase-functions/lib/index.js"}
[debug] [2020-06-28T02:30:27.990Z] DEBUG: [runtime-status] [2201] Resolved module firebase-admin {"declared":true,"installed":true,"version":"8.12.1","resolution":"/Users/hlbenjamin/devReact/fullpageportfolio/functions/node_modules/firebase-admin/lib/index.js"}
[debug] [2020-06-28T02:30:27.991Z] DEBUG: [runtime-status] [2201] Resolved module firebase-functions {"declared":true,"installed":true,"version":"3.7.0","resolution":"/Users/hlbenjamin/devReact/fullpageportfolio/functions/node_modules/firebase-functions/lib/index.js"}
[debug] [2020-06-28T02:30:27.991Z] DEBUG: [runtime-status] [2201] firebase-admin has been stubbed. {"adminResolution":{"declared":true,"installed":true,"version":"8.12.1","resolution":"/Users/hlbenjamin/devReact/fullpageportfolio/functions/node_modules/firebase-admin/lib/index.js"}}
[warn] ⚠  It looks like you're trying to access functions.config().gmail but there is no value there. You can learn more about setting up config here: https://firebase.google.com/docs/functions/local-emulator {"metadata":{"emulator":{"name":"functions"},"message":"It looks like you're trying to access functions.config().gmail but there is no value there. You can learn more about setting up config here: https://firebase.google.com/docs/functions/local-emulator"}}
[warn] ⚠  TypeError: Cannot read property 'email' of undefined
    at Object.<anonymous> (/Users/hlbenjamin/devReact/fullpageportfolio/functions/index.js:7:44)
    at Module._compile (internal/modules/cjs/loader.js:1200:30)
    at Object.Module._extensions..js (internal/modules/cjs/loader.js:1220:10)
    at Module.load (internal/modules/cjs/loader.js:1049:32)
    at Function.Module._load (internal/modules/cjs/loader.js:937:14)
    at Module.require (internal/modules/cjs/loader.js:1089:19)
    at require (internal/modules/cjs/helpers.js:73:18)
    at /usr/local/lib/node_modules/firebase-tools/lib/emulator/functionsEmulatorRuntime.js:664:33
    at Generator.next (<anonymous>)
    at fulfilled (/usr/local/lib/node_modules/firebase-tools/lib/emulator/functionsEmulatorRuntime.js:5:58) {"metadata":{"emulator":{"name":"functions"},"message":"TypeError: Cannot read property 'email' of undefined\n    at Object.<anonymous> (/Users/hlbenjamin/devReact/fullpageportfolio/functions/index.js:7:44)\n    at Module._compile (internal/modules/cjs/loader.js:1200:30)\n    at Object.Module._extensions..js (internal/modules/cjs/loader.js:1220:10)\n    at Module.load (internal/modules/cjs/loader.js:1049:32)\n    at Function.Module._load (internal/modules/cjs/loader.js:937:14)\n    at Module.require (internal/modules/cjs/loader.js:1089:19)\n    at require (internal/modules/cjs/helpers.js:73:18)\n    at /usr/local/lib/node_modules/firebase-tools/lib/emulator/functionsEmulatorRuntime.js:664:33\n    at Generator.next (<anonymous>)\n    at fulfilled (/usr/local/lib/node_modules/firebase-tools/lib/emulator/functionsEmulatorRuntime.js:5:58)"}}
[warn] ⚠  We were unable to load your functions code. (see above) {"metadata":{"emulator":{"name":"functions"}}}
[debug] [2020-06-28T02:30:28.088Z] DEBUG: [worker-~diagnostic~-c89ada1a-97fd-4c69-adc4-483359ed33d8]: exited
[debug] [2020-06-28T02:30:28.088Z] DEBUG: [worker-~diagnostic~-c89ada1a-97fd-4c69-adc4-483359ed33d8]: FINISHED
[debug] [2020-06-28T04:21:40.500Z] ----------------------------------------------------------------------
[debug] [2020-06-28T04:21:40.502Z] Command:       /usr/local/bin/node /usr/local/bin/firebase serve
[debug] [2020-06-28T04:21:40.503Z] CLI Version:   8.4.3
[debug] [2020-06-28T04:21:40.503Z] Platform:      darwin
[debug] [2020-06-28T04:21:40.503Z] Node Version:  v12.18.0
[debug] [2020-06-28T04:21:40.504Z] Time:          Sat Jun 27 2020 21:21:40 GMT-0700 (Pacific Daylight Time)
[debug] [2020-06-28T04:21:40.504Z] ----------------------------------------------------------------------
[debug] [2020-06-28T04:21:40.504Z] 
[debug] [2020-06-28T04:21:40.515Z] > command requires scopes: ["email","openid","https://www.googleapis.com/auth/cloudplatformprojects.readonly","https://www.googleapis.com/auth/firebase","https://www.googleapis.com/auth/cloud-platform"]
[debug] [2020-06-28T04:21:40.515Z] > authorizing via signed-in user
[debug] [2020-06-28T04:21:40.516Z] [iam] checking project hunterlbenjamin-55bab for permissions ["firebase.projects.get"]
[debug] [2020-06-28T04:21:40.519Z] >>> HTTP REQUEST POST https://cloudresourcemanager.googleapis.com/v1/projects/hunterlbenjamin-55bab:testIamPermissions  
 {"permissions":["firebase.projects.get"]}
[debug] [2020-06-28T04:21:41.024Z] <<< HTTP RESPONSE 200 {"content-type":"application/json; charset=UTF-8","vary":"X-Origin, Referer, Origin,Accept-Encoding","date":"Sun, 28 Jun 2020 04:21:40 GMT","server":"ESF","cache-control":"private","x-xss-protection":"0","x-frame-options":"SAMEORIGIN","x-content-type-options":"nosniff","server-timing":"gfet4t7; dur=250","alt-svc":"h3-27=\":443\"; ma=2592000,h3-25=\":443\"; ma=2592000,h3-T050=\":443\"; ma=2592000,h3-Q050=\":443\"; ma=2592000,h3-Q046=\":443\"; ma=2592000,h3-Q043=\":443\"; ma=2592000,quic=\":443\"; ma=2592000; v=\"46,43\"","accept-ranges":"none","transfer-encoding":"chunked"}
[debug] [2020-06-28T04:21:41.026Z] >>> HTTP REQUEST GET https://firebase.googleapis.com/v1beta1/projects/hunterlbenjamin-55bab  
 
[debug] [2020-06-28T04:21:41.241Z] <<< HTTP RESPONSE 200 {"content-type":"application/json; charset=UTF-8","vary":"X-Origin, Referer, Origin,Accept-Encoding","date":"Sun, 28 Jun 2020 04:21:41 GMT","server":"ESF","cache-control":"private","x-xss-protection":"0","x-frame-options":"SAMEORIGIN","x-content-type-options":"nosniff","alt-svc":"h3-27=\":443\"; ma=2592000,h3-25=\":443\"; ma=2592000,h3-T050=\":443\"; ma=2592000,h3-Q050=\":443\"; ma=2592000,h3-Q046=\":443\"; ma=2592000,h3-Q043=\":443\"; ma=2592000,quic=\":443\"; ma=2592000; v=\"46,43\"","accept-ranges":"none","transfer-encoding":"chunked"}
[info] 
[info] === Serving from '/Users/hlbenjamin/devReact/fullpageportfolio'...
[info] 
[debug] [2020-06-28T04:21:41.246Z] >>> HTTP REQUEST GET https://firebase.googleapis.com/v1beta1/projects/hunterlbenjamin-55bab/webApps/-/config  
 
[warn] ⚠  Your requested "node" version "8" doesn't match your global version "12" {"metadata":{"emulator":{"name":"functions"},"message":"Your requested \"node\" version \"8\" doesn't match your global version \"12\""}}
[debug] [2020-06-28T04:21:41.737Z] <<< HTTP RESPONSE 200 {"content-type":"application/json; charset=UTF-8","vary":"X-Origin, Referer, Origin,Accept-Encoding","date":"Sun, 28 Jun 2020 04:21:41 GMT","server":"ESF","cache-control":"private","x-xss-protection":"0","x-frame-options":"SAMEORIGIN","x-content-type-options":"nosniff","alt-svc":"h3-27=\":443\"; ma=2592000,h3-25=\":443\"; ma=2592000,h3-T050=\":443\"; ma=2592000,h3-Q050=\":443\"; ma=2592000,h3-Q046=\":443\"; ma=2592000,h3-Q043=\":443\"; ma=2592000,quic=\":443\"; ma=2592000; v=\"46,43\"","accept-ranges":"none","transfer-encoding":"chunked"}
[info] i  functions: Watching "/Users/hlbenjamin/devReact/fullpageportfolio/functions" for Cloud Functions... {"metadata":{"emulator":{"name":"functions"},"message":"Watching \"/Users/hlbenjamin/devReact/fullpageportfolio/functions\" for Cloud Functions..."}}
[debug] [2020-06-28T04:21:41.942Z] [worker-pool] addWorker(~diagnostic~) {"metadata":{"emulator":{"name":"functions"},"message":"[worker-pool] addWorker(~diagnostic~)"}}
[debug] [2020-06-28T04:21:41.942Z] [worker-pool] Adding worker with key ~diagnostic~, total=1 {"metadata":{"emulator":{"name":"functions"},"message":"[worker-pool] Adding worker with key ~diagnostic~, total=1"}}
[debug] [2020-06-28T04:21:41.942Z] [worker-pool] submitWork(triggerId=) {"metadata":{"emulator":{"name":"functions"},"message":"[worker-pool] submitWork(triggerId=)"}}
[debug] [2020-06-28T04:21:41.943Z] [worker-~diagnostic~-85c393b2-ef11-4c22-99eb-d1108d1fdf74]: Assigning socketPath: /var/folders/h5/0xl2l1qs1195kjyw52s7n2k00000gn/T/fire_emu_2775.sock {"metadata":{"emulator":{"name":"functions"},"message":"[worker-~diagnostic~-85c393b2-ef11-4c22-99eb-d1108d1fdf74]: Assigning socketPath: /var/folders/h5/0xl2l1qs1195kjyw52s7n2k00000gn/T/fire_emu_2775.sock"}}
[debug] [2020-06-28T04:21:41.943Z] [worker-~diagnostic~-85c393b2-ef11-4c22-99eb-d1108d1fdf74]: BUSY {"metadata":{"emulator":{"name":"functions"},"message":"[worker-~diagnostic~-85c393b2-ef11-4c22-99eb-d1108d1fdf74]: BUSY"}}
[info] i  hosting[hunterportfolio]: Serving hosting files from: build {"metadata":{"emulator":{"name":"hosting"},"message":"Serving hosting files from: \u001b[1mbuild\u001b[22m"}}
[info] ✔  hosting[hunterportfolio]: Local server: http://localhost:5000 {"metadata":{"emulator":{"name":"hosting"},"message":"Local server: \u001b[4m\u001b[1mhttp://localhost:5000\u001b[22m\u001b[24m"}}
[debug] [2020-06-28T04:21:42.402Z] [runtime-status] [2775] Functions runtime initialized. {"cwd":"/Users/hlbenjamin/devReact/fullpageportfolio/functions","node_version":"12.18.0"} {"metadata":{"emulator":{"name":"functions"},"message":"[runtime-status] [2775] Functions runtime initialized. {\"cwd\":\"/Users/hlbenjamin/devReact/fullpageportfolio/functions\",\"node_version\":\"12.18.0\"}"}}
[debug] [2020-06-28T04:21:42.403Z] [runtime-status] [2775] Disabled runtime features: undefined {"metadata":{"emulator":{"name":"functions"},"message":"[runtime-status] [2775] Disabled runtime features: undefined"}}
[debug] [2020-06-28T04:21:42.406Z] [runtime-status] [2775] Resolved module firebase-admin {"declared":true,"installed":true,"version":"8.12.1","resolution":"/Users/hlbenjamin/devReact/fullpageportfolio/functions/node_modules/firebase-admin/lib/index.js"} {"metadata":{"emulator":{"name":"functions"},"message":"[runtime-status] [2775] Resolved module firebase-admin {\"declared\":true,\"installed\":true,\"version\":\"8.12.1\",\"resolution\":\"/Users/hlbenjamin/devReact/fullpageportfolio/functions/node_modules/firebase-admin/lib/index.js\"}"}}
[debug] [2020-06-28T04:21:42.408Z] [runtime-status] [2775] Resolved module firebase-functions {"declared":true,"installed":true,"version":"3.7.0","resolution":"/Users/hlbenjamin/devReact/fullpageportfolio/functions/node_modules/firebase-functions/lib/index.js"} {"metadata":{"emulator":{"name":"functions"},"message":"[runtime-status] [2775] Resolved module firebase-functions {\"declared\":true,\"installed\":true,\"version\":\"3.7.0\",\"resolution\":\"/Users/hlbenjamin/devReact/fullpageportfolio/functions/node_modules/firebase-functions/lib/index.js\"}"}}
[debug] [2020-06-28T04:21:42.410Z] [runtime-status] [2775] Outgoing network have been stubbed. [{"name":"http","status":"mocked"},{"name":"http","status":"mocked"},{"name":"https","status":"mocked"},{"name":"https","status":"mocked"},{"name":"net","status":"mocked"}] {"metadata":{"emulator":{"name":"functions"},"message":"[runtime-status] [2775] Outgoing network have been stubbed. [{\"name\":\"http\",\"status\":\"mocked\"},{\"name\":\"http\",\"status\":\"mocked\"},{\"name\":\"https\",\"status\":\"mocked\"},{\"name\":\"https\",\"status\":\"mocked\"},{\"name\":\"net\",\"status\":\"mocked\"}]"}}
[debug] [2020-06-28T04:21:42.411Z] [runtime-status] [2775] Resolved module firebase-functions {"declared":true,"installed":true,"version":"3.7.0","resolution":"/Users/hlbenjamin/devReact/fullpageportfolio/functions/node_modules/firebase-functions/lib/index.js"} {"metadata":{"emulator":{"name":"functions"},"message":"[runtime-status] [2775] Resolved module firebase-functions {\"declared\":true,\"installed\":true,\"version\":\"3.7.0\",\"resolution\":\"/Users/hlbenjamin/devReact/fullpageportfolio/functions/node_modules/firebase-functions/lib/index.js\"}"}}
[debug] [2020-06-28T04:21:42.469Z] [runtime-status] [2775] Checked functions.config() {"config":{}} {"metadata":{"emulator":{"name":"functions"},"message":"[runtime-status] [2775] Checked functions.config() {\"config\":{}}"}}
[debug] [2020-06-28T04:21:42.469Z] [runtime-status] [2775] firebase-functions has been stubbed. {"functionsResolution":{"declared":true,"installed":true,"version":"3.7.0","resolution":"/Users/hlbenjamin/devReact/fullpageportfolio/functions/node_modules/firebase-functions/lib/index.js"}} {"metadata":{"emulator":{"name":"functions"},"message":"[runtime-status] [2775] firebase-functions has been stubbed. {\"functionsResolution\":{\"declared\":true,\"installed\":true,\"version\":\"3.7.0\",\"resolution\":\"/Users/hlbenjamin/devReact/fullpageportfolio/functions/node_modules/firebase-functions/lib/index.js\"}}"}}
[debug] [2020-06-28T04:21:42.471Z] [runtime-status] [2775] Resolved module firebase-functions {"declared":true,"installed":true,"version":"3.7.0","resolution":"/Users/hlbenjamin/devReact/fullpageportfolio/functions/node_modules/firebase-functions/lib/index.js"} {"metadata":{"emulator":{"name":"functions"},"message":"[runtime-status] [2775] Resolved module firebase-functions {\"declared\":true,\"installed\":true,\"version\":\"3.7.0\",\"resolution\":\"/Users/hlbenjamin/devReact/fullpageportfolio/functions/node_modules/firebase-functions/lib/index.js\"}"}}
[debug] [2020-06-28T04:21:42.474Z] [runtime-status] [2775] Resolved module firebase-admin {"declared":true,"installed":true,"version":"8.12.1","resolution":"/Users/hlbenjamin/devReact/fullpageportfolio/functions/node_modules/firebase-admin/lib/index.js"} {"metadata":{"emulator":{"name":"functions"},"message":"[runtime-status] [2775] Resolved module firebase-admin {\"declared\":true,\"installed\":true,\"version\":\"8.12.1\",\"resolution\":\"/Users/hlbenjamin/devReact/fullpageportfolio/functions/node_modules/firebase-admin/lib/index.js\"}"}}
[debug] [2020-06-28T04:21:42.475Z] [runtime-status] [2775] Resolved module firebase-functions {"declared":true,"installed":true,"version":"3.7.0","resolution":"/Users/hlbenjamin/devReact/fullpageportfolio/functions/node_modules/firebase-functions/lib/index.js"} {"metadata":{"emulator":{"name":"functions"},"message":"[runtime-status] [2775] Resolved module firebase-functions {\"declared\":true,\"installed\":true,\"version\":\"3.7.0\",\"resolution\":\"/Users/hlbenjamin/devReact/fullpageportfolio/functions/node_modules/firebase-functions/lib/index.js\"}"}}
[debug] [2020-06-28T04:21:42.475Z] [runtime-status] [2775] firebase-admin has been stubbed. {"adminResolution":{"declared":true,"installed":true,"version":"8.12.1","resolution":"/Users/hlbenjamin/devReact/fullpageportfolio/functions/node_modules/firebase-admin/lib/index.js"}} {"metadata":{"emulator":{"name":"functions"},"message":"[runtime-status] [2775] firebase-admin has been stubbed. {\"adminResolution\":{\"declared\":true,\"installed\":true,\"version\":\"8.12.1\",\"resolution\":\"/Users/hlbenjamin/devReact/fullpageportfolio/functions/node_modules/firebase-admin/lib/index.js\"}}"}}
[warn] ⚠  It looks like you're trying to access functions.config().gmail but there is no value there. You can learn more about setting up config here: https://firebase.google.com/docs/functions/local-emulator {"metadata":{"emulator":{"name":"functions"},"message":"It looks like you're trying to access functions.config().gmail but there is no value there. You can learn more about setting up config here: https://firebase.google.com/docs/functions/local-emulator"}}
[warn] ⚠  TypeError: Cannot read property 'email' of undefined
    at Object.<anonymous> (/Users/hlbenjamin/devReact/fullpageportfolio/functions/index.js:6:44)
    at Module._compile (internal/modules/cjs/loader.js:1138:30)
    at Object.Module._extensions..js (internal/modules/cjs/loader.js:1158:10)
    at Module.load (internal/modules/cjs/loader.js:986:32)
    at Function.Module._load (internal/modules/cjs/loader.js:879:14)
    at Module.require (internal/modules/cjs/loader.js:1026:19)
    at require (internal/modules/cjs/helpers.js:72:18)
    at /usr/local/lib/node_modules/firebase-tools/lib/emulator/functionsEmulatorRuntime.js:664:33
    at Generator.next (<anonymous>)
    at fulfilled (/usr/local/lib/node_modules/firebase-tools/lib/emulator/functionsEmulatorRuntime.js:5:58) {"metadata":{"emulator":{"name":"functions"},"message":"TypeError: Cannot read property 'email' of undefined\n    at Object.<anonymous> (/Users/hlbenjamin/devReact/fullpageportfolio/functions/index.js:6:44)\n    at Module._compile (internal/modules/cjs/loader.js:1138:30)\n    at Object.Module._extensions..js (internal/modules/cjs/loader.js:1158:10)\n    at Module.load (internal/modules/cjs/loader.js:986:32)\n    at Function.Module._load (internal/modules/cjs/loader.js:879:14)\n    at Module.require (internal/modules/cjs/loader.js:1026:19)\n    at require (internal/modules/cjs/helpers.js:72:18)\n    at /usr/local/lib/node_modules/firebase-tools/lib/emulator/functionsEmulatorRuntime.js:664:33\n    at Generator.next (<anonymous>)\n    at fulfilled (/usr/local/lib/node_modules/firebase-tools/lib/emulator/functionsEmulatorRuntime.js:5:58)"}}
[warn] ⚠  We were unable to load your functions code. (see above) {"metadata":{"emulator":{"name":"functions"}}}
[debug] [2020-06-28T04:21:42.572Z] [worker-~diagnostic~-85c393b2-ef11-4c22-99eb-d1108d1fdf74]: exited {"metadata":{"emulator":{"name":"functions"},"message":"[worker-~diagnostic~-85c393b2-ef11-4c22-99eb-d1108d1fdf74]: exited"}}
[debug] [2020-06-28T04:21:42.572Z] [worker-~diagnostic~-85c393b2-ef11-4c22-99eb-d1108d1fdf74]: FINISHED {"metadata":{"emulator":{"name":"functions"},"message":"[worker-~diagnostic~-85c393b2-ef11-4c22-99eb-d1108d1fdf74]: FINISHED"}}
